<?xml version="1.0" encoding="UTF-8"?>
<!-- Generated by org.testng.reporters.JUnitReportReporter -->
<testsuite hostname="JIM-TI8227" name="day7.TestngIntro1" tests="2" failures="0" timestamp="13 Feb 2016 07:43:37 GMT" time="0.020" errors="0">
  <testcase name="checkmail" time="0.000" classname="day7.TestngIntro1"/>
  <testcase name="SendEmail" time="0.020" classname="day7.TestngIntro1"/>
</testsuite> <!-- day7.TestngIntro1 -->
