<?xml version="1.0" encoding="UTF-8"?>
<!-- Generated by org.testng.reporters.JUnitReportReporter -->
<testsuite hostname="JIM-TI8227" name="day8.TestngIntro1" tests="3" failures="0" timestamp="14 Feb 2016 08:18:31 GMT" time="0.010" errors="0">
  <testcase name="checkmail" time="0.010" classname="day8.TestngIntro1"/>
  <testcase name="checkmail" time="0.000" classname="day8.TestngIntro1"/>
  <testcase name="checkmail" time="0.000" classname="day8.TestngIntro1"/>
</testsuite> <!-- day8.TestngIntro1 -->
