<?xml version="1.0" encoding="UTF-8"?>
<!-- Generated by org.testng.reporters.JUnitReportReporter -->
<testsuite hostname="JIM-TI8227" name="sample.TestngIntro1" tests="2" failures="0" timestamp="14 Feb 2016 02:52:06 GMT" time="0.023" errors="0">
  <testcase name="checkmail" time="0.010" classname="sample.TestngIntro1"/>
  <testcase name="SendEmail" time="0.013" classname="sample.TestngIntro1"/>
</testsuite> <!-- sample.TestngIntro1 -->
