<?xml version="1.0" encoding="UTF-8"?>
<!-- Generated by org.testng.reporters.JUnitReportReporter -->
<testsuite hostname="user-PC" name="day9.LearnDataProvider" tests="2" failures="0" timestamp="13 Nov 2016 06:31:27 GMT" time="25.243" errors="0">
  <testcase name="googlesearch" time="12.641" classname="day9.LearnDataProvider"/>
  <testcase name="googlesearch" time="12.602" classname="day9.LearnDataProvider"/>
</testsuite> <!-- day9.LearnDataProvider -->
