<?xml version="1.0" encoding="UTF-8"?>
<!-- Generated by org.testng.reporters.JUnitReportReporter -->
<testsuite hostname="user-PC" name="day8.LearnTestNG" tests="3" failures="0" timestamp="12 Nov 2016 07:47:37 GMT" time="0.021" errors="0">
  <testcase name="login" time="0.000" classname="day8.LearnTestNG"/>
  <testcase name="sendEmail" time="0.001" classname="day8.LearnTestNG"/>
  <testcase name="Logout" time="0.020" classname="day8.LearnTestNG"/>
</testsuite> <!-- day8.LearnTestNG -->
