<?xml version="1.0" encoding="UTF-8"?>
<!-- Generated by org.testng.reporters.JUnitReportReporter -->
<testsuite hostname="user-PC" name="day9.LearnTestNG2" tests="2" failures="0" timestamp="13 Nov 2016 05:03:42 GMT" time="26.309" errors="0">
  <testcase name="googleSearch" time="11.120" classname="day9.LearnTestNG2"/>
  <testcase name="bingSearch" time="15.189" classname="day9.LearnTestNG2"/>
</testsuite> <!-- day9.LearnTestNG2 -->
